
SQL*Loader: Release 11.2.0.2.0 - Production on Pt Cze 10 19:54:01 2016

Copyright (c) 1982, 2009, Oracle and/or its affiliates.  All rights reserved.

Control File:   dzien.ctl
Data File:      C:\Users\Szczominik\Desktop\nasze_2\dzien.csv
  Bad File:     dzien.bad
  Discard File:  none specified
 
 (Allow all discards)

Number to load: ALL
Number to skip: 0
Errors allowed: 50
Bind array:     64 rows, maximum of 256000 bytes
Continuation:    none specified
Path used:      Conventional

Table DZIEN, loaded from every logical record.
Insert option in effect for this table: APPEND

   Column Name                  Position   Len  Term Encl Datatype
------------------------------ ---------- ----- ---- ---- ---------------------
ID_DNIA                             FIRST     *   ;       CHARACTER            
MIESIAC                              NEXT     *   ;       CHARACTER            
DZIEN                                NEXT     *   ;       CHARACTER            


Table DZIEN:
  366 Rows successfully loaded.
  0 Rows not loaded due to data errors.
  0 Rows not loaded because all WHEN clauses were failed.
  0 Rows not loaded because all fields were null.


Space allocated for bind array:                  49536 bytes(64 rows)
Read   buffer bytes: 1048576

Total logical records skipped:          0
Total logical records read:           366
Total logical records rejected:         0
Total logical records discarded:        0

Run began on Pt Cze 10 19:54:01 2016
Run ended on Pt Cze 10 19:54:01 2016

Elapsed time was:     00:00:00.15
CPU time was:         00:00:00.05
