
SQL*Loader: Release 11.2.0.2.0 - Production on Pt Cze 10 19:54:03 2016

Copyright (c) 1982, 2009, Oracle and/or its affiliates.  All rights reserved.

Control File:   sprzedaz.ctl
Data File:      C:\Users\Szczominik\Desktop\nasze_2\sprzedaz.csv
  Bad File:     sprzedaz.bad
  Discard File:  none specified
 
 (Allow all discards)

Number to load: ALL
Number to skip: 0
Errors allowed: 50
Bind array:     64 rows, maximum of 256000 bytes
Continuation:    none specified
Path used:      Conventional

Table SPRZEDAZ, loaded from every logical record.
Insert option in effect for this table: APPEND

   Column Name                  Position   Len  Term Encl Datatype
------------------------------ ---------- ----- ---- ---- ---------------------
ID_SPRZEDAZY                        FIRST     *   ;       CHARACTER            
SKLEP                                NEXT     *   ;       CHARACTER            
PRACOWNIK                            NEXT     *   ;       CHARACTER            
DZIEN                                NEXT     *   ;       CHARACTER            
PRODUKT                              NEXT     *   ;       CHARACTER            
ILOSC                                NEXT     *   ;       CHARACTER            
WARTOSC                              NEXT     *   ;       CHARACTER            
PLATNOSC                             NEXT     *   ;       CHARACTER            


Table SPRZEDAZ:
  50000 Rows successfully loaded.
  0 Rows not loaded due to data errors.
  0 Rows not loaded because all WHEN clauses were failed.
  0 Rows not loaded because all fields were null.


Space allocated for bind array:                 132096 bytes(64 rows)
Read   buffer bytes: 1048576

Total logical records skipped:          0
Total logical records read:         50000
Total logical records rejected:         0
Total logical records discarded:        0

Run began on Pt Cze 10 19:54:03 2016
Run ended on Pt Cze 10 19:54:06 2016

Elapsed time was:     00:00:03.86
CPU time was:         00:00:00.59
